2019-09-28 08:41:09.349  INFO 12832 --- [restartedMain] com.hualala.sdkdemo.SdkApplication       : Starting SdkApplication on Developer08 with PID 12832 (E:\project\hLaLaSdk\hLaLaSdk\target\classes started by Admin in E:\project\hLaLaSdk\hLaLaSdk)
2019-09-28 08:41:09.351 DEBUG 12832 --- [restartedMain] com.hualala.sdkdemo.SdkApplication       : Running with Spring Boot v2.1.6.RELEASE, Spring v5.1.8.RELEASE
2019-09-28 08:41:09.351  INFO 12832 --- [restartedMain] com.hualala.sdkdemo.SdkApplication       : No active profile set, falling back to default profiles: default
2019-09-28 08:41:09.419  INFO 12832 --- [restartedMain] .e.DevToolsPropertyDefaultsPostProcessor : Devtools property defaults active! Set 'spring.devtools.add-properties' to 'false' to disable
2019-09-28 08:41:09.420  INFO 12832 --- [restartedMain] .e.DevToolsPropertyDefaultsPostProcessor : For additional web related logging consider setting the 'logging.level.web' property to 'DEBUG'
2019-09-28 08:41:10.496  INFO 12832 --- [restartedMain] o.s.b.w.embedded.tomcat.TomcatWebServer  : Tomcat initialized with port(s): 8080 (http)
2019-09-28 08:41:10.513  INFO 12832 --- [restartedMain] o.apache.catalina.core.StandardService   : Starting service [Tomcat]
2019-09-28 08:41:10.514  INFO 12832 --- [restartedMain] org.apache.catalina.core.StandardEngine  : Starting Servlet engine: [Apache Tomcat/9.0.21]
2019-09-28 08:41:10.519  INFO 12832 --- [restartedMain] o.a.catalina.core.AprLifecycleListener   : An older version [1.2.14] of the APR based Apache Tomcat Native library is installed, while Tomcat recommends a minimum version of [1.2.21]
2019-09-28 08:41:10.520  INFO 12832 --- [restartedMain] o.a.catalina.core.AprLifecycleListener   : Loaded APR based Apache Tomcat Native library [1.2.14] using APR version [1.6.2].
2019-09-28 08:41:10.520  INFO 12832 --- [restartedMain] o.a.catalina.core.AprLifecycleListener   : APR capabilities: IPv6 [true], sendfile [true], accept filters [false], random [true].
2019-09-28 08:41:10.520  INFO 12832 --- [restartedMain] o.a.catalina.core.AprLifecycleListener   : APR/OpenSSL configuration: useAprConnector [false], useOpenSSL [true]
2019-09-28 08:41:11.574  INFO 12832 --- [restartedMain] o.a.catalina.core.AprLifecycleListener   : OpenSSL successfully initialized [OpenSSL 1.0.2l  25 May 2017]
2019-09-28 08:41:11.647  INFO 12832 --- [restartedMain] o.a.c.c.C.[Tomcat].[localhost].[/]       : Initializing Spring embedded WebApplicationContext
2019-09-28 08:41:11.647  INFO 12832 --- [restartedMain] o.s.web.context.ContextLoader            : Root WebApplicationContext: initialization completed in 2227 ms
2019-09-28 08:41:11.803  INFO 12832 --- [restartedMain] o.s.s.concurrent.ThreadPoolTaskExecutor  : Initializing ExecutorService 'applicationTaskExecutor'
2019-09-28 08:41:11.918  INFO 12832 --- [restartedMain] o.s.b.d.a.OptionalLiveReloadServer       : LiveReload server is running on port 35729
2019-09-28 08:41:11.966  INFO 12832 --- [restartedMain] o.s.b.w.embedded.tomcat.TomcatWebServer  : Tomcat started on port(s): 8080 (http) with context path ''
2019-09-28 08:41:11.969  INFO 12832 --- [restartedMain] com.hualala.sdkdemo.SdkApplication       : Started SdkApplication in 3.155 seconds (JVM running for 5.451)
2019-09-28 08:41:57.385  INFO 12832 --- [http-nio-8080-exec-2] o.a.c.c.C.[Tomcat].[localhost].[/]       : Initializing Spring DispatcherServlet 'dispatcherServlet'
2019-09-28 08:41:57.385  INFO 12832 --- [http-nio-8080-exec-2] o.s.web.servlet.DispatcherServlet        : Initializing Servlet 'dispatcherServlet'
2019-09-28 08:41:57.389  INFO 12832 --- [http-nio-8080-exec-2] o.s.web.servlet.DispatcherServlet        : Completed initialization in 4 ms
2019-09-28 08:41:57.426 DEBUG 12832 --- [http-nio-8080-exec-2] c.h.sdkdemo.controller.BaseController    : 123
2019-09-28 08:41:57.426  INFO 12832 --- [http-nio-8080-exec-2] c.h.sdkdemo.controller.BaseController    : 123
2019-09-28 08:42:04.226  INFO 12832 --- [Thread-13] o.s.s.concurrent.ThreadPoolTaskExecutor  : Shutting down ExecutorService 'applicationTaskExecutor'
2019-09-28 08:42:04.641  INFO 12832 --- [restartedMain] com.hualala.sdkdemo.SdkApplication       : Starting SdkApplication on Developer08 with PID 12832 (E:\project\hLaLaSdk\hLaLaSdk\target\classes started by Admin in E:\project\hLaLaSdk\hLaLaSdk)
2019-09-28 08:42:04.641 DEBUG 12832 --- [restartedMain] com.hualala.sdkdemo.SdkApplication       : Running with Spring Boot v2.1.6.RELEASE, Spring v5.1.8.RELEASE
2019-09-28 08:42:04.641  INFO 12832 --- [restartedMain] com.hualala.sdkdemo.SdkApplication       : No active profile set, falling back to default profiles: default
2019-09-28 08:42:04.841  INFO 12832 --- [restartedMain] o.s.b.w.embedded.tomcat.TomcatWebServer  : Tomcat initialized with port(s): 8080 (http)
2019-09-28 08:42:04.841  INFO 12832 --- [restartedMain] o.apache.catalina.core.StandardService   : Starting service [Tomcat]
2019-09-28 08:42:04.841  INFO 12832 --- [restartedMain] org.apache.catalina.core.StandardEngine  : Starting Servlet engine: [Apache Tomcat/9.0.21]
2019-09-28 08:42:04.841  INFO 12832 --- [restartedMain] o.a.catalina.core.AprLifecycleListener   : An older version [1.2.14] of the APR based Apache Tomcat Native library is installed, while Tomcat recommends a minimum version of [1.2.21]
2019-09-28 08:42:04.841  INFO 12832 --- [restartedMain] o.a.catalina.core.AprLifecycleListener   : Loaded APR based Apache Tomcat Native library [1.2.14] using APR version [1.6.2].
2019-09-28 08:42:04.841  INFO 12832 --- [restartedMain] o.a.catalina.core.AprLifecycleListener   : APR capabilities: IPv6 [true], sendfile [true], accept filters [false], random [true].
2019-09-28 08:42:04.841  INFO 12832 --- [restartedMain] o.a.catalina.core.AprLifecycleListener   : APR/OpenSSL configuration: useAprConnector [false], useOpenSSL [true]
2019-09-28 08:42:04.841  INFO 12832 --- [restartedMain] o.a.catalina.core.AprLifecycleListener   : OpenSSL successfully initialized [OpenSSL 1.0.2l  25 May 2017]
2019-09-28 08:42:04.861  INFO 12832 --- [restartedMain] o.a.c.c.C.[Tomcat].[localhost].[/]       : Initializing Spring embedded WebApplicationContext
2019-09-28 08:42:04.861  INFO 12832 --- [restartedMain] o.s.web.context.ContextLoader            : Root WebApplicationContext: initialization completed in 220 ms
2019-09-28 08:42:04.901  INFO 12832 --- [restartedMain] o.s.s.concurrent.ThreadPoolTaskExecutor  : Initializing ExecutorService 'applicationTaskExecutor'
2019-09-28 08:42:04.921  INFO 12832 --- [restartedMain] o.s.b.d.a.OptionalLiveReloadServer       : LiveReload server is running on port 35729
2019-09-28 08:42:04.931  INFO 12832 --- [restartedMain] o.s.b.w.embedded.tomcat.TomcatWebServer  : Tomcat started on port(s): 8080 (http) with context path ''
2019-09-28 08:42:04.931  INFO 12832 --- [restartedMain] com.hualala.sdkdemo.SdkApplication       : Started SdkApplication in 0.32 seconds (JVM running for 58.421)
2019-09-28 08:42:04.931  INFO 12832 --- [restartedMain] .ConditionEvaluationDeltaLoggingListener : Condition evaluation unchanged
2019-09-28 08:42:14.896  INFO 12832 --- [Thread-21] o.s.s.concurrent.ThreadPoolTaskExecutor  : Shutting down ExecutorService 'applicationTaskExecutor'
2019-09-28 08:42:15.264  INFO 12832 --- [restartedMain] com.hualala.sdkdemo.SdkApplication       : Starting SdkApplication on Developer08 with PID 12832 (E:\project\hLaLaSdk\hLaLaSdk\target\classes started by Admin in E:\project\hLaLaSdk\hLaLaSdk)
2019-09-28 08:42:15.264 DEBUG 12832 --- [restartedMain] com.hualala.sdkdemo.SdkApplication       : Running with Spring Boot v2.1.6.RELEASE, Spring v5.1.8.RELEASE
2019-09-28 08:42:15.264  INFO 12832 --- [restartedMain] com.hualala.sdkdemo.SdkApplication       : No active profile set, falling back to default profiles: default
2019-09-28 08:42:15.434  INFO 12832 --- [restartedMain] o.s.b.w.embedded.tomcat.TomcatWebServer  : Tomcat initialized with port(s): 8080 (http)
2019-09-28 08:42:15.434  INFO 12832 --- [restartedMain] o.apache.catalina.core.StandardService   : Starting service [Tomcat]
2019-09-28 08:42:15.434  INFO 12832 --- [restartedMain] org.apache.catalina.core.StandardEngine  : Starting Servlet engine: [Apache Tomcat/9.0.21]
2019-09-28 08:42:15.434  INFO 12832 --- [restartedMain] o.a.catalina.core.AprLifecycleListener   : An older version [1.2.14] of the APR based Apache Tomcat Native library is installed, while Tomcat recommends a minimum version of [1.2.21]
2019-09-28 08:42:15.434  INFO 12832 --- [restartedMain] o.a.catalina.core.AprLifecycleListener   : Loaded APR based Apache Tomcat Native library [1.2.14] using APR version [1.6.2].
2019-09-28 08:42:15.434  INFO 12832 --- [restartedMain] o.a.catalina.core.AprLifecycleListener   : APR capabilities: IPv6 [true], sendfile [true], accept filters [false], random [true].
2019-09-28 08:42:15.434  INFO 12832 --- [restartedMain] o.a.catalina.core.AprLifecycleListener   : APR/OpenSSL configuration: useAprConnector [false], useOpenSSL [true]
2019-09-28 08:42:15.434  INFO 12832 --- [restartedMain] o.a.catalina.core.AprLifecycleListener   : OpenSSL successfully initialized [OpenSSL 1.0.2l  25 May 2017]
2019-09-28 08:42:15.454  INFO 12832 --- [restartedMain] o.a.c.c.C.[Tomcat].[localhost].[/]       : Initializing Spring embedded WebApplicationContext
2019-09-28 08:42:15.454  INFO 12832 --- [restartedMain] o.s.web.context.ContextLoader            : Root WebApplicationContext: initialization completed in 190 ms
2019-09-28 08:42:15.484  INFO 12832 --- [restartedMain] o.s.s.concurrent.ThreadPoolTaskExecutor  : Initializing ExecutorService 'applicationTaskExecutor'
2019-09-28 08:42:15.514  INFO 12832 --- [restartedMain] o.s.b.d.a.OptionalLiveReloadServer       : LiveReload server is running on port 35729
2019-09-28 08:42:15.534  INFO 12832 --- [restartedMain] o.s.b.w.embedded.tomcat.TomcatWebServer  : Tomcat started on port(s): 8080 (http) with context path ''
2019-09-28 08:42:15.534  INFO 12832 --- [restartedMain] com.hualala.sdkdemo.SdkApplication       : Started SdkApplication in 0.29 seconds (JVM running for 69.018)
2019-09-28 08:42:15.534  INFO 12832 --- [restartedMain] .ConditionEvaluationDeltaLoggingListener : Condition evaluation unchanged
2019-09-28 08:42:21.248  INFO 12832 --- [http-nio-8080-exec-5] o.a.c.c.C.[Tomcat].[localhost].[/]       : Initializing Spring DispatcherServlet 'dispatcherServlet'
2019-09-28 08:42:21.249  INFO 12832 --- [http-nio-8080-exec-5] o.s.web.servlet.DispatcherServlet        : Initializing Servlet 'dispatcherServlet'
2019-09-28 08:42:21.256  INFO 12832 --- [http-nio-8080-exec-5] o.s.web.servlet.DispatcherServlet        : Completed initialization in 7 ms
